# JRE version: OpenJDK Runtime Environment (11.0.11+9) (build 11.0.11+9-b60-7590822)
# Java VM: OpenJDK 64-Bit Server VM (11.0.11+9-b60-7590822, mixed mode, tiered, compressed oops, g1 gc, windows-amd64)
Heap:
 garbage-first heap   total 376832K, used 197899K [0x0000000080000000, 0x0000000100000000)
  region size 1024K, 14 young (14336K), 4 survivors (4096K)
 Metaspace       used 162225K, capacity 166489K, committed 166620K, reserved 1196032K
  class space    used 19486K, capacity 21026K, committed 21144K, reserved 1048576K
GC Heap History (20 events):
Event: 276.133 GC heap before
{Heap before GC invocations=105 (full 0):
 garbage-first heap   total 376832K, used 193498K [0x0000000080000000, 0x0000000100000000)
  region size 1024K, 18 young (18432K), 5 survivors (5120K)
 Metaspace       used 150537K, capacity 154231K, committed 154332K, reserved 1183744K
  class space    used 17965K, capacity 19291K, committed 19352K, reserved 1048576K
}
Event: 276.147 GC heap after
{Heap after GC invocations=106 (full 0):
 garbage-first heap   total 376832K, used 169209K [0x0000000080000000, 0x0000000100000000)
  region size 1024K, 2 young (2048K), 2 survivors (2048K)
 Metaspace       used 150537K, capacity 154231K, committed 154332K, reserved 1183744K
  class space    used 17965K, capacity 19291K, committed 19352K, reserved 1048576K
}
Event: 279.392 GC heap before
{Heap before GC invocations=106 (full 0):
 garbage-first heap   total 376832K, used 300281K [0x0000000080000000, 0x0000000100000000)
  region size 1024K, 131 young (134144K), 2 survivors (2048K)
 Metaspace       used 159735K, capacity 163917K, committed 164060K, reserved 1191936K
  class space    used 19339K, capacity 20877K, committed 20888K, reserved 1048576K
}
Event: 279.418 GC heap after
{Heap after GC invocations=107 (full 0):
 garbage-first heap   total 376832K, used 178337K [0x0000000080000000, 0x0000000100000000)
  region size 1024K, 11 young (11264K), 11 survivors (11264K)
 Metaspace       used 159735K, capacity 163917K, committed 164060K, reserved 1191936K
  class space    used 19339K, capacity 20877K, committed 20888K, reserved 1048576K
}
Event: 281.302 GC heap before
{Heap before GC invocations=107 (full 0):
 garbage-first heap   total 376832K, used 304289K [0x0000000080000000, 0x0000000100000000)
  region size 1024K, 134 young (137216K), 11 survivors (11264K)
 Metaspace       used 161161K, capacity 165345K, committed 165468K, reserved 1193984K
  class space    used 19431K, capacity 20957K, committed 21016K, reserved 1048576K
}
Event: 281.319 GC heap after
{Heap after GC invocations=108 (full 0):
 garbage-first heap   total 376832K, used 175904K [0x0000000080000000, 0x0000000100000000)
  region size 1024K, 2 young (2048K), 2 survivors (2048K)
 Metaspace       used 161161K, capacity 165345K, committed 165468K, reserved 1193984K
  class space    used 19431K, capacity 20957K, committed 21016K, reserved 1048576K
}
Event: 282.514 GC heap before
{Heap before GC invocations=108 (full 0):
 garbage-first heap   total 376832K, used 305952K [0x0000000080000000, 0x0000000100000000)
  region size 1024K, 129 young (132096K), 2 survivors (2048K)
 Metaspace       used 161306K, capacity 165455K, committed 165724K, reserved 1193984K
  class space    used 19437K, capacity 20967K, committed 21016K, reserved 1048576K
}
Event: 282.524 GC heap after
{Heap after GC invocations=109 (full 0):
 garbage-first heap   total 376832K, used 175867K [0x0000000080000000, 0x0000000100000000)
  region size 1024K, 2 young (2048K), 2 survivors (2048K)
 Metaspace       used 161306K, capacity 165455K, committed 165724K, reserved 1193984K
  class space    used 19437K, capacity 20967K, committed 21016K, reserved 1048576K
}
Event: 284.065 GC heap before
{Heap before GC invocations=110 (full 0):
 garbage-first heap   total 376832K, used 308987K [0x0000000080000000, 0x0000000100000000)
  region size 1024K, 132 young (135168K), 2 survivors (2048K)
 Metaspace       used 161824K, capacity 165996K, committed 166364K, reserved 1193984K
  class space    used 19464K, capacity 21008K, committed 21144K, reserved 1048576K
}
Event: 284.082 GC heap after
{Heap after GC invocations=111 (full 0):
 garbage-first heap   total 376832K, used 181539K [0x0000000080000000, 0x0000000100000000)
  region size 1024K, 7 young (7168K), 7 survivors (7168K)
 Metaspace       used 161824K, capacity 165996K, committed 166364K, reserved 1193984K
  class space    used 19464K, capacity 21008K, committed 21144K, reserved 1048576K
}
Event: 284.163 GC heap before
{Heap before GC invocations=111 (full 0):
 garbage-first heap   total 376832K, used 192803K [0x0000000080000000, 0x0000000100000000)
  region size 1024K, 18 young (18432K), 7 survivors (7168K)
 Metaspace       used 161846K, capacity 166064K, committed 166364K, reserved 1193984K
  class space    used 19464K, capacity 21008K, committed 21144K, reserved 1048576K
}
Event: 284.177 GC heap after
{Heap after GC invocations=112 (full 0):
 garbage-first heap   total 376832K, used 179847K [0x0000000080000000, 0x0000000100000000)
  region size 1024K, 1 young (1024K), 1 survivors (1024K)
 Metaspace       used 161846K, capacity 166064K, committed 166364K, reserved 1193984K
  class space    used 19464K, capacity 21008K, committed 21144K, reserved 1048576K
}
Event: 284.933 GC heap before
{Heap before GC invocations=112 (full 0):
 garbage-first heap   total 376832K, used 310919K [0x0000000080000000, 0x0000000100000000)
  region size 1024K, 130 young (133120K), 1 survivors (1024K)
 Metaspace       used 161900K, capacity 166132K, committed 166364K, reserved 1193984K
  class space    used 19464K, capacity 21008K, committed 21144K, reserved 1048576K
}
Event: 284.978 GC heap after
{Heap after GC invocations=113 (full 0):
 garbage-first heap   total 376832K, used 187264K [0x0000000080000000, 0x0000000100000000)
  region size 1024K, 9 young (9216K), 9 survivors (9216K)
 Metaspace       used 161900K, capacity 166132K, committed 166364K, reserved 1193984K
  class space    used 19464K, capacity 21008K, committed 21144K, reserved 1048576K
}
Event: 286.246 GC heap before
{Heap before GC invocations=114 (full 0):
 garbage-first heap   total 376832K, used 312192K [0x0000000080000000, 0x0000000100000000)
  region size 1024K, 132 young (135168K), 9 survivors (9216K)
 Metaspace       used 162121K, capacity 166396K, committed 166620K, reserved 1196032K
  class space    used 19479K, capacity 21019K, committed 21144K, reserved 1048576K
}
Event: 286.269 GC heap after
{Heap after GC invocations=115 (full 0):
 garbage-first heap   total 376832K, used 188670K [0x0000000080000000, 0x0000000100000000)
  region size 1024K, 11 young (11264K), 11 survivors (11264K)
 Metaspace       used 162121K, capacity 166396K, committed 166620K, reserved 1196032K
  class space    used 19479K, capacity 21019K, committed 21144K, reserved 1048576K
}
Event: 286.290 GC heap before
{Heap before GC invocations=115 (full 0):
 garbage-first heap   total 376832K, used 195838K [0x0000000080000000, 0x0000000100000000)
  region size 1024K, 18 young (18432K), 11 survivors (11264K)
 Metaspace       used 162121K, capacity 166396K, committed 166620K, reserved 1196032K
  class space    used 19479K, capacity 21019K, committed 21144K, reserved 1048576K
}
Event: 286.315 GC heap after
{Heap after GC invocations=116 (full 0):
 garbage-first heap   total 376832K, used 186576K [0x0000000080000000, 0x0000000100000000)
  region size 1024K, 2 young (2048K), 2 survivors (2048K)
 Metaspace       used 162121K, capacity 166396K, committed 166620K, reserved 1196032K
  class space    used 19479K, capacity 21019K, committed 21144K, reserved 1048576K
}
Event: 286.921 GC heap before
{Heap before GC invocations=116 (full 0):
 garbage-first heap   total 376832K, used 315600K [0x0000000080000000, 0x0000000100000000)
  region size 1024K, 128 young (131072K), 2 survivors (2048K)
 Metaspace       used 162183K, capacity 166409K, committed 166620K, reserved 1196032K
  class space    used 19484K, capacity 21022K, committed 21144K, reserved 1048576K
}
Event: 286.933 GC heap after
{Heap after GC invocations=117 (full 0):
 garbage-first heap   total 376832K, used 186048K [0x0000000080000000, 0x0000000100000000)
  region size 1024K, 2 young (2048K), 2 survivors (2048K)
 Metaspace       used 162183K, capacity 166409K, committed 166620K, reserved 1196032K
  class space    used 19484K, capacity 21022K, committed 21144K, reserved 1048576K
}

